[1120/041226.005:ERROR:process_info.cc(329)] VirtualQueryEx: Access is denied. (0x5)
[1120/041226.216:ERROR:process_info.cc(556)] ReadMemoryInfo failed
[1120/041226.216:ERROR:process_memory_win.cc(39)] Failed to initialize ProcessInfo.
[1120/041226.216:ERROR:scoped_process_suspend.cc(40)] NtResumeProcess: An attempt was made to access an exiting process. (0xc000010a)
[1120/042510.432:ERROR:directory_reader_win.cc(43)] FindFirstFile: The system cannot find the path specified. (0x3)
[1120/043117.509:ERROR:process_info.cc(329)] VirtualQueryEx: Access is denied. (0x5)
[1120/043117.510:ERROR:process_info.cc(556)] ReadMemoryInfo failed
[1120/043117.510:ERROR:scoped_process_suspend.cc(40)] NtResumeProcess: An attempt was made to access an exiting process. (0xc000010a)
[1120/044039.435:ERROR:directory_reader_win.cc(43)] FindFirstFile: The system cannot find the path specified. (0x3)
[1120/052447.305:ERROR:directory_reader_win.cc(43)] FindFirstFile: The system cannot find the path specified. (0x3)
[1120/062349.262:ERROR:process_info.cc(329)] VirtualQueryEx: Access is denied. (0x5)
[1120/062349.263:ERROR:process_info.cc(556)] ReadMemoryInfo failed
[1120/062349.263:ERROR:process_memory_win.cc(39)] Failed to initialize ProcessInfo.
[1120/062349.263:ERROR:scoped_process_suspend.cc(40)] NtResumeProcess: An attempt was made to access an exiting process. (0xc000010a)
[1120/062350.540:ERROR:process_info.cc(329)] VirtualQueryEx: Access is denied. (0x5)
[1120/062350.540:ERROR:process_info.cc(556)] ReadMemoryInfo failed
[1120/062350.540:ERROR:process_memory_win.cc(39)] Failed to initialize ProcessInfo.
[1120/062350.540:ERROR:scoped_process_suspend.cc(40)] NtResumeProcess: An attempt was made to access an exiting process. (0xc000010a)
[1120/062420.613:ERROR:process_info.cc(329)] VirtualQueryEx: Access is denied. (0x5)
[1120/062420.613:ERROR:process_info.cc(556)] ReadMemoryInfo failed
[1120/062420.613:ERROR:process_memory_win.cc(39)] Failed to initialize ProcessInfo.
[1120/062420.613:ERROR:scoped_process_suspend.cc(40)] NtResumeProcess: An attempt was made to access an exiting process. (0xc000010a)
[1120/063240.344:ERROR:directory_reader_win.cc(43)] FindFirstFile: The system cannot find the path specified. (0x3)
